yarn run v1.13.0
$ ember exam -f acceptance -i true --silent --reporter xunit
<testsuite name="Testem Tests" tests="2232" skipped="0" failures="2" timestamp="Mon Jan 27 2020 13:21:42 GMT-0800 (Pacific Standard Time)" time="84.400"><testcase classname="Chrome 79.0" name="ESLint | mirage mirage/config.js " time="0"/><testcase classname="Chrome 79.0" name="ESLint | mirage mirage/scenarios/default.js " time="0"/><testcase classname="Chrome 79.0" name="ESLint | mirage mirage/serializers/application.js " time="0"/><testcase classname="Chrome 79.0" name="ESLint | app adapters/application.js " time="0"/><testcase classname="Chrome 79.0" name="ESLint | app adapters/client.js " time="0"/><testcase classname="Chrome 79.0" name="ESLint | app adapters/giftbit-error.js " time="0"/><testcase classname="Chrome 79.0" name="ESLint | app adapters/giftbit-points-action.js " time="0"/><testcase classname="Chrome 79.0" name="ESLint | app adapters/salesforce-sync-error.js " time="0"/><testcase classname="Chrome 79.0" name="ESLint | app app.js " time="0.001"/><testcase classname="Chrome 79.0" name="ESLint | app authenticators/devise.js " time="0"/><testcase classname="Chrome 79.0" name="ESLint | app authorizers/devise.js " time="0"/><testcase classname="Chrome 79.0" name="ESLint | app builders/feed-item/area-closure.js " time="0"/><testcase classname="Chrome 79.0" name="ESLint | app builders/feed-item/base.js " time="0"/><testcase classname="Chrome 79.0" name="ESLint | app builders/feed-item/charge.js " time="0"/><testcase classname="Chrome 79.0" name="ESLint | app builders/feed-item/client-admin.js " time="0"/><testcase classname="Chrome 79.0" name="ESLint | app builders/feed-item/client.js " time="0"/><testcase classname="Chrome 79.0" name="ESLint | app builders/feed-item/confirmation.js " time="0"/><testcase classname="Chrome 79.0" name="ESLint | app builders/feed-item/contact.js " time="0"/><testcase classname="Chrome 79.0" name="ESLint | app builders/feed-item/email-logs-events-order.js " time="0"/><testcase classname="Chrome 79.0" name="ESLint | app builders/feed-item/email-logs-messages-order.js " time="0"/><testcase classname="Chrome 79.0" name="ESLint | app builders/feed-item/group-order-member.js " time="0"/><testcase classname="Chrome 79.0" name="ESLint | app builders/feed-item/order-item-option.js " time="0"/><testcase classname="Chrome 79.0" name="ESLint | app builders/feed-item/order-item.js " time="0"/><testcase classname="Chrome 79.0" name="ESLint | app builders/feed-item/order-user.js " time="0"/><testcase classname="Chrome 79.0" name="ESLint | app builders/feed-item/order.js " time="0"/><testcase classname="Chrome 79.0" name="ESLint | app builders/feed-item/restaurant-closure.js " time="0"/><testcase classname="Chrome 79.0" name="ESLint | app builders/feed-item/restaurant.js " time="0"/><testcase classname="Chrome 79.0" name="ESLint | app builders/feed-item/team-member.js " time="0"/><testcase classname="Chrome 79.0" name="ESLint | app builders/feed-item/team-order.js " time="0"/><testcase classname="Chrome 79.0" name="ESLint | app builders/feed-item/user.js " time="0"/><testcase classname="Chrome 79.0" name="ESLint | app errors/application.js " time="0"/><testcase classname="Chrome 79.0" name="ESLint | app features/application/controller.js " time="0"/><testcase classname="Chrome 79.0" name="ESLint | app features/application/route.js " time="0"/><testcase classname="Chrome 79.0" name="ESLint | app features/components/accounting/ledger-item/component.js " time="0"/><testcase classname="Chrome 79.0" name="ESLint | app features/components/cards/card-for/component.js " time="0"/><testcase classname="Chrome 79.0" name="ESLint | app features/components/cards/meal-planning-reservation-card/component.js " time="0"/><testcase classname="Chrome 79.0" name="ESLint | app features/components/cards/order-card/component.js " time="0"/><testcase classname="Chrome 79.0" name="ESLint | app features/components/core/fde-tether/component.js " time="0"/><testcase classname="Chrome 79.0" name="ESLint | app features/components/core/times-do/component.js " time="0"/><testcase classname="Chrome 79.0" name="ESLint | app features/components/form-controls/amount-control/component.js " time="0"/><testcase classname="Chrome 79.0" name="ESLint | app features/components/form-controls/calendar-control/component.js " time="0.001"/><testcase classname="Chrome 79.0" name="ESLint | app features/components/form-controls/checkbox-control/component.js " time="0"/><testcase classname="Chrome 79.0" name="ESLint | app features/components/form-controls/color-control/component.js " time="0"/><testcase classname="Chrome 79.0" name="ESLint | app features/components/form-controls/comma-separated-strings-control/component.js " time="0.001"/><testcase classname="Chrome 79.0" name="ESLint | app features/components/form-controls/commit-buttons/component.js " time="0"/><testcase classname="Chrome 79.0" name="ESLint | app features/components/form-controls/country-select-control/component.js " time="0"/><testcase classname="Chrome 79.0" name="ESLint | app features/components/form-controls/cover-image-control/component.js " time="0"/><testcase classname="Chrome 79.0" name="ESLint | app features/components/form-controls/credit-card-control/component.js " time="0"/><testcase classname="Chrome 79.0" name="ESLint | app features/components/form-controls/date-control/component.js " time="0"/><testcase classname="Chrome 79.0" name="ESLint | app features/components/form-controls/date-range-control/component.js " time="0"/><testcase classname="Chrome 79.0" name="ESLint | app features/components/form-controls/dietary-tags-control/component.js " time="0"/><testcase classname="Chrome 79.0" name="ESLint | app features/components/form-controls/error-label/component.js " time="0"/><testcase classname="Chrome 79.0" name="ESLint | app features/components/form-controls/filepicker-control/component.js " time="0"/><testcase classname="Chrome 79.0" name="ESLint | app features/components/form-controls/image-control/component.js " time="0"/><testcase classname="Chrome 79.0" name="ESLint | app features/components/form-controls/input-control/component.js " time="0"/><testcase classname="Chrome 79.0" name="ESLint | app features/components/form-controls/json-control/component.js " time="0"/><testcase classname="Chrome 79.0" name="ESLint | app features/components/form-controls/map-control/component.js " time="0"/><testcase classname="Chrome 79.0" name="ESLint | app features/components/form-controls/menu-item-description-control/component.js " time="0"/><testcase classname="Chrome 79.0" name="ESLint | app features/components/form-controls/model-select-control/component.js " time="0"/><testcase classname="Chrome 79.0" name="ESLint | app features/components/form-controls/model-select-or-create-control/component.js " time="0.001"/><testcase classname="Chrome 79.0" name="ESLint | app features/components/form-controls/native-model-select-control/component.js " time="0"/><testcase classname="Chrome 79.0" name="ESLint | app features/components/form-controls/phone-number-control/component.js " time="0"/><testcase classname="Chrome 79.0" name="ESLint | app features/components/form-controls/price-range-control/component.js " time="0"/><testcase classname="Chrome 79.0" name="ESLint | app features/components/form-controls/province-select-control/component.js " time="0"/><testcase classname="Chrome 79.0" name="ESLint | app features/components/form-controls/radio-group-control/component.js " time="0"/><testcase classname="Chrome 79.0" name="ESLint | app features/components/form-controls/radio-group-control/radio-button-control/component.js " time="0"/><testcase classname="Chrome 79.0" name="ESLint | app features/components/form-controls/range-control/component.js " time="0"/><testcase classname="Chrome 79.0" name="ESLint | app features/components/form-controls/restaurant-select-control/component.js " time="0"/><testcase classname="Chrome 79.0" name="ESLint | app features/components/form-controls/restaurant-select-control/restaurant-item/component.js " time="0"/><testcase classname="Chrome 79.0" name="ESLint | app features/components/form-controls/restaurant-select-control/results-histogram/component.js " time="0"/><testcase classname="Chrome 79.0" name="ESLint | app features/components/form-controls/searchable-input-control/component.js " time="0"/><testcase classname="Chrome 79.0" name="ESLint | app features/components/form-controls/textarea-control/component.js " time="0"/><testcase classname="Chrome 79.0" name="ESLint | app features/components/form-controls/time-range-select-control/component.js " time="0"/><testcase classname="Chrome 79.0" name="ESLint | app features/components/form-controls/time-select-control/component.js " time="0"/><testcase classname="Chrome 79.0" name="ESLint | app features/components/form-controls/toggle-button-control/component.js " time="0"/><testcase classname="Chrome 79.0" name="ESLint | app features/components/form-controls/value-select-control/component.js " time="0"/><testcase classname="Chrome 79.0" name="ESLint | app features/components/giftbit/gift-card/component.js " time="0"/><testcase classname="Chrome 79.0" name="ESLint | app features/components/giftbit/gift-cards/component.js " time="0"/><testcase classname="Chrome 79.0" name="ESLint | app features/components/invoicing/discount-list/component.js " time="0"/><testcase classname="Chrome 79.0" name="ESLint | app features/components/layouts/split-view/component.js " time="0"/><testcase classname="Chrome 79.0" name="ESLint | app features/components/layouts/split-view/divider-view/component.js " time="0"/><testcase classname="Chrome 79.0" name="ESLint | app features/components/layouts/split-view/view-pane/component.js " time="0"/><testcase classname="Chrome 79.0" name="ESLint | app features/components/meal-planning/action-reservation-state-button/component.js " time="0"/><testcase classname="Chrome 79.0" name="ESLint | app features/components/misc/back-to-masterfox/component.js " time="0"/><testcase classname="Chrome 79.0" name="ESLint | app features/components/restaurants/ranking-card/component.js " time="0"/><testcase classname="Chrome 79.0" name="ESLint | app features/components/sf/accounting/driver-payments-modal/component.js " time="0"/><testcase classname="Chrome 79.0" name="ESLint | app features/components/sf/activity-feed/component.js " time="0"/><testcase classname="Chrome 79.0" name="ESLint | app features/components/sf/activity-feed/feed-event/component.js " time="0"/><testcase classname="Chrome 79.0" name="ESLint | app features/components/sf/actual-segment/component.js " time="0"/><testcase classname="Chrome 79.0" name="ESLint | app features/components/sf/amount-and-number-of-people/component.js " time="0"/><testcase classname="Chrome 79.0" name="ESLint | app features/components/sf/basic-modal/component.js " time="0"/><testcase classname="Chrome 79.0" name="ESLint | app features/components/sf/callout-pane/component.js " time="0"/><testcase classname="Chrome 79.0" name="ESLint | app features/components/sf/client-status/component.js " time="0"/><testcase classname="Chrome 79.0" name="ESLint | app features/components/sf/collapsible-segment/component.js " time="0"/><testcase classname="Chrome 79.0" name="ESLint | app features/components/sf/component-example/attributes-table/attribute-row/component.js " time="0"/><testcase classname="Chrome 79.0" name="ESLint | app features/components/sf/component-example/attributes-table/component.js " time="0"/><testcase classname="Chrome 79.0" name="ESLint | app features/components/sf/component-example/component.js " time="0"/><testcase classname="Chrome 79.0" name="ESLint | app features/components/sf/component-example/example-code/component-code/component.js " time="0"/><testcase classname="Chrome 79.0" name="ESLint | app features/components/sf/component-example/example-code/component.js " time="0"/><testcase classname="Chrome 79.0" name="ESLint | app features/components/sf/component-example/example-code/example-code-usage/component.js " time="0"/><testcase classname="Chrome 79.0" name="ESLint | app features/components/sf/contact-view/component.js " time="0"/><testcase classname="Chrome 79.0" name="ESLint | app features/components/sf/context-menu/component.js " time="0"/><testcase classname="Chrome 79.0" name="ESLint | app features/components/sf/context-menu/menu-item/component.js " time="0"/><testcase classname="Chrome 79.0" name="ESLint | app features/components/sf/context-menu/menu-separator/component.js " time="0"/><testcase classname="Chrome 79.0" name="ESLint | app features/components/sf/controls/action-bar/action-bar-nav/component.js " time="0"/><testcase classname="Chrome 79.0" name="ESLint | app features/components/sf/controls/action-bar/component.js " time="0"/><testcase classname="Chrome 79.0" name="ESLint | app features/components/sf/controls/action-button/action-option/component.js " time="0"/><testcase classname="Chrome 79.0" name="ESLint | app features/components/sf/controls/action-button/component.js " time="0"/><testcase classname="Chrome 79.0" name="ESLint | app features/components/sf/controls/action-order-state-button/component.js " time="0"/><testcase classname="Chrome 79.0" name="ESLint | app features/components/sf/controls/amount-select/component.js " time="0"/><testcase classname="Chrome 79.0" name="ESLint | app features/components/sf/controls/commit-buttons/component.js " time="0"/><testcase classname="Chrome 79.0" name="ESLint | app features/components/sf/controls/country-select/component.js " time="0"/><testcase classname="Chrome 79.0" name="ESLint | app features/components/sf/controls/credit-card/component.js " time="0"/><testcase classname="Chrome 79.0" name="ESLint | app features/components/sf/controls/date-buttons/component.js " time="0"/><testcase classname="Chrome 79.0" name="ESLint | app features/components/sf/controls/date-buttons/date-button/component.js " time="0"/><testcase classname="Chrome 79.0" name="ESLint | app features/components/sf/controls/date-select/component.js " time="0"/><testcase classname="Chrome 79.0" name="ESLint | app features/components/sf/controls/dietary-tags-select/component.js " time="0"/><testcase classname="Chrome 79.0" name="ESLint | app features/components/sf/controls/filepicker-control/component.js " time="0"/><testcase classname="Chrome 79.0" name="ESLint | app features/components/sf/controls/input-control/component.js " time="0.001"/><testcase classname="Chrome 79.0" name="ESLint | app features/components/sf/controls/map-control/component.js " time="0"/><testcase classname="Chrome 79.0" name="ESLint | app features/components/sf/controls/modal-control/component.js " time="0"/><testcase classname="Chrome 79.0" name="ESLint | app features/components/sf/controls/model-select/component.js " time="0"/><testcase classname="Chrome 79.0" name="ESLint | app features/components/sf/controls/next-prev-buttons/component.js " time="0"/><testcase classname="Chrome 79.0" name="ESLint | app features/components/sf/controls/paginated-search-control/component.js " time="0"/><testcase classname="Chrome 79.0" name="ESLint | app features/components/sf/controls/pagination-control/component.js " time="0"/><testcase classname="Chrome 79.0" name="ESLint | app features/components/sf/controls/paginator-lite/component.js " time="0.001"/><testcase classname="Chrome 79.0" name="ESLint | app features/components/sf/controls/presence-indicator/component.js " time="0.001"/><testcase classname="Chrome 79.0" name="ESLint | app features/components/sf/controls/price-range/component.js " time="0"/><testcase classname="Chrome 79.0" name="ESLint | app features/components/sf/controls/profile-picture/component.js " time="0"/><testcase classname="Chrome 79.0" name="ESLint | app features/components/sf/controls/province-select/component.js " time="0.001"/><testcase classname="Chrome 79.0" name="ESLint | app features/components/sf/controls/range-select/component.js " time="0"/><testcase classname="Chrome 79.0" name="ESLint | app features/components/sf/controls/textarea-control/component.js " time="0"/><testcase classname="Chrome 79.0" name="ESLint | app features/components/sf/controls/time-range-select/component.js " time="0"/><testcase classname="Chrome 79.0" name="ESLint | app features/components/sf/controls/time-select/component.js " time="0"/><testcase classname="Chrome 79.0" name="ESLint | app features/components/sf/controls/toggle-button/component.js " time="0.001"/><testcase classname="Chrome 79.0" name="ESLint | app features/components/sf/couriers/courier-row/component.js " time="0"/><testcase classname="Chrome 79.0" name="ESLint | app features/components/sf/dietary-tag/component.js " time="0"/><testcase classname="Chrome 79.0" name="ESLint | app features/components/sf/drawer-pane/component.js " time="0"/><testcase classname="Chrome 79.0" name="ESLint | app features/components/sf/drawer-pane/drawer-button/component.js " time="0"/><testcase classname="Chrome 79.0" name="ESLint | app features/components/sf/drawer-pane/drawer-component/component.js " time="0"/><testcase classname="Chrome 79.0" name="ESLint | app features/components/sf/drawer-pane/drawer-header/component.js " time="0.006"/><testcase classname="Chrome 79.0" name="ESLint | app features/components/sf/drawers/menu-filter/component.js " time="0"/><testcase classname="Chrome 79.0" name="ESLint | app features/components/sf/empty-wrapper/component.js " time="0"/><testcase classname="Chrome 79.0" name="ESLint | app features/components/sf/fields/amount-field/component.js " time="0"/><testcase classname="Chrome 79.0" name="ESLint | app features/components/sf/fields/basic-field/component.js " time="0"/><testcase classname="Chrome 79.0" name="ESLint | app features/components/sf/fields/color-field/component.js " time="0"/><testcase classname="Chrome 79.0" name="ESLint | app features/components/sf/fields/cover-image-field/component.js " time="0"/><testcase classname="Chrome 79.0" name="ESLint | app features/components/sf/fields/credit-card-field/component.js " time="0"/><testcase classname="Chrome 79.0" name="ESLint | app features/components/sf/fields/date-field/component.js " time="0.001"/><testcase classname="Chrome 79.0" name="ESLint | app features/components/sf/fields/date-range-field/component.js " time="0"/><testcase classname="Chrome 79.0" name="ESLint | app features/components/sf/fields/dietary-tags-field/component.js " time="0"/><testcase classname="Chrome 79.0" name="ESLint | app features/components/sf/fields/field-helpers.js " time="0"/><testcase classname="Chrome 79.0" name="ESLint | app features/components/sf/fields/field-mixin.js " time="0"/><testcase classname="Chrome 79.0" name="ESLint | app features/components/sf/fields/geo-json-field/component.js " time="0"/><testcase classname="Chrome 79.0" name="ESLint | app features/components/sf/fields/image-field/component.js " time="0"/><testcase classname="Chrome 79.0" name="ESLint | app features/components/sf/fields/input-field/component.js " time="0"/><testcase classname="Chrome 79.0" name="ESLint | app features/components/sf/fields/model-select-field/component.js " time="0"/><testcase classname="Chrome 79.0" name="ESLint | app features/components/sf/fields/model-select-or-create-field/component.js " time="0"/><testcase classname="Chrome 79.0" name="ESLint | app features/components/sf/fields/price-range-field/component.js " time="0"/><testcase classname="Chrome 79.0" name="ESLint | app features/components/sf/fields/radio-group-field/component.js " time="0"/><testcase classname="Chrome 79.0" name="ESLint | app features/components/sf/fields/radio-group-field/radio-button/component.js " time="0"/><testcase classname="Chrome 79.0" name="ESLint | app features/components/sf/fields/range-field/component.js " time="0"/><testcase classname="Chrome 79.0" name="ESLint | app features/components/sf/fields/textarea-field/component.js " time="0"/><testcase classname="Chrome 79.0" name="ESLint | app features/components/sf/fields/time-field/component.js " time="0"/><testcase classname="Chrome 79.0" name="ESLint | app features/components/sf/fields/time-range-field/component.js " time="0"/><testcase classname="Chrome 79.0" name="ESLint | app features/components/sf/fields/toggle-button/component.js " time="0"/><testcase classname="Chrome 79.0" name="ESLint | app features/components/sf/fields/toggle-field/component.js " time="0"/><testcase classname="Chrome 79.0" name="ESLint | app features/components/sf/fields/value-select-field/component.js " time="0"/><testcase classname="Chrome 79.0" name="ESLint | app features/components/sf/filters/applied-filters/component.js " time="0"/><testcase classname="Chrome 79.0" name="ESLint | app features/components/sf/filters/controls/date-range-selector/component.js " time="0"/><testcase classname="Chrome 79.0" name="ESLint | app features/components/sf/filters/controls/date-selector/component.js " time="0"/><testcase classname="Chrome 79.0" name="ESLint | app features/components/sf/filters/controls/input-control/component.js " time="0"/><testcase classname="Chrome 79.0" name="ESLint | app features/components/sf/filters/controls/model-search/component.js " time="0"/><testcase classname="Chrome 79.0" name="ESLint | app features/components/sf/filters/controls/model-select/component.js " time="0"/><testcase classname="Chrome 79.0" name="ESLint | app features/components/sf/filters/controls/should-be/component.js " time="0"/><testcase classname="Chrome 79.0" name="ESLint | app features/components/sf/filters/filter-bar/component.js " time="0.001"/><testcase classname="Chrome 79.0" name="ESLint | app features/components/sf/filters/filter-bar/control-wrapper/component.js " time="0"/><testcase classname="Chrome 79.0" name="ESLint | app features/components/sf/filters/filter-select/component.js " time="0"/><testcase classname="Chrome 79.0" name="ESLint | app features/components/sf/filters/filter-toggle/component.js " time="0"/><testcase classname="Chrome 79.0" name="ESLint | app features/components/sf/form-for/component.js " time="0"/><testcase classname="Chrome 79.0" name="ESLint | app features/components/sf/form-for/inline-helper/component.js " time="0.001"/><testcase classname="Chrome 79.0" name="ESLint | app features/components/sf/forms/contact-form-for/component.js " time="0"/><testcase classname="Chrome 79.0" name="ESLint | app features/components/sf/forms/credit-card-form-for/component.js " time="0"/><testcase classname="Chrome 79.0" name="ESLint | app features/components/sf/forms/discount-form-for/component.js " time="0"/><testcase classname="Chrome 79.0" name="ESLint | app features/components/sf/forms/driver-form-for/component.js " time="0"/><testcase classname="Chrome 79.0" name="ESLint | app features/components/sf/forms/invite-team-users-form-for/component.js " time="0"/><testcase classname="Chrome 79.0" name="ESLint | app features/components/sf/forms/invoicing-ledger-form-for/component.js " time="0"/><testcase classname="Chrome 79.0" name="ESLint | app features/components/sf/forms/location-form-for/component.js " time="0"/><testcase classname="Chrome 79.0" name="ESLint | app features/components/sf/forms/meal-plan/custom-field-form-for/component.js " time="0"/><testcase classname="Chrome 79.0" name="ESLint | app features/components/sf/forms/meal-plan/custom-fields/component.js " time="0"/><testcase classname="Chrome 79.0" name="ESLint | app features/components/sf/forms/meal-planning-form-for/component.js " time="0"/><testcase classname="Chrome 79.0" name="ESLint | app features/components/sf/forms/meal-planning-form-for/day-form-for/component.js " time="0"/><testcase classname="Chrome 79.0" name="ESLint | app features/components/sf/forms/meal-planning-form-for/meal-form-for/component.js " time="0"/><testcase classname="Chrome 79.0" name="ESLint | app features/components/sf/forms/meal-planning-form-for/radar-chart/component.js " time="0"/><testcase classname="Chrome 79.0" name="ESLint | app features/components/sf/forms/meal-planning-form-for/restaurant-constraints-form-for/component.js " time="0.002"/><testcase classname="Chrome 79.0" name="ESLint | app features/components/sf/forms/meal-planning-form-for/slot-form-for/component.js " time="0.001"/><testcase classname="Chrome 79.0" name="ESLint | app features/components/sf/forms/meal-planning-form-for/solver-settings-form-for/component.js " time="0"/><testcase classname="Chrome 79.0" name="ESLint | app features/components/sf/forms/meal-planning-form-for/template-form-for/component.js " time="0"/><testcase classname="Chrome 79.0" name="ESLint | app features/components/sf/forms/new-client-team-form-for/component.js " time="0"/><testcase classname="Chrome 79.0" name="ESLint | app features/components/sf/forms/new-client-user-form-for/component.js " time="0"/><testcase classname="Chrome 79.0" name="ESLint | app features/components/sf/forms/new-restaurant-user-form-for/component.js " time="0"/><testcase classname="Chrome 79.0" name="ESLint | app features/components/sf/forms/new-team-user-form-for/component.js " time="0"/><testcase classname="Chrome 79.0" name="ESLint | app features/components/sf/forms/order-form-for/component.js " time="0"/><testcase classname="Chrome 79.0" name="ESLint | app features/components/sf/forms/preference-profile-form-for/component.js " time="0"/><testcase classname="Chrome 79.0" name="ESLint | app features/components/sf/forms/requirement-form-for/component.js " time="0"/><testcase classname="Chrome 79.0" name="ESLint | app features/components/sf/forms/requirement-form-for/constraints-form-for/component.js " time="0"/><testcase classname="Chrome 79.0" name="ESLint | app features/components/sf/forms/requirement-form-for/value-field/component.js " time="0"/><testcase classname="Chrome 79.0" name="ESLint | app features/components/sf/forms/requirement-group-form-for/component.js " time="0"/><testcase classname="Chrome 79.0" name="ESLint | app features/components/sf/forms/reservation-form-for/component.js " time="0"/><testcase classname="Chrome 79.0" name="ESLint | app features/components/sf/forms/reservation-form-for/info-pane/component.js " time="0"/><testcase classname="Chrome 79.0" name="ESLint | app features/components/sf/forms/team-user-form-for/component.js " time="0"/><testcase classname="Chrome 79.0" name="ESLint | app features/components/sf/forms/xero-contact-form-for/component.js " time="0"/><testcase classname="Chrome 79.0" name="ESLint | app features/components/sf/headers/icon-header/component.js " time="0"/><testcase classname="Chrome 79.0" name="ESLint | app features/components/sf/hover-callout/callout-container/component.js " time="0.002"/><testcase classname="Chrome 79.0" name="ESLint | app features/components/sf/hover-callout/component.js " time="0"/><testcase classname="Chrome 79.0" name="ESLint | app features/components/sf/info-callout/component.js " time="0"/><testcase classname="Chrome 79.0" name="ESLint | app features/components/sf/late-score/component.js " time="0"/><testcase classname="Chrome 79.0" name="ESLint | app features/components/sf/listed-order/component.js " time="0"/><testcase classname="Chrome 79.0" name="ESLint | app features/components/sf/lists/checkbox-list-for/checkbox-list-item/component.js " time="0"/><testcase classname="Chrome 79.0" name="ESLint | app features/components/sf/lists/checkbox-list-for/component.js " time="0"/><testcase classname="Chrome 79.0" name="ESLint | app features/components/sf/lists/pill-list/component.js " time="0"/><testcase classname="Chrome 79.0" name="ESLint | app features/components/sf/lists/section-list/component.js " time="0"/><testcase classname="Chrome 79.0" name="ESLint | app features/components/sf/lists/sortable-list/component.js " time="0"/><testcase classname="Chrome 79.0" name="ESLint | app features/components/sf/lists/sortable-list/list-item/component.js " time="0"/><testcase classname="Chrome 79.0" name="ESLint | app features/components/sf/logistics/availability-day/component.js " time="0"/><testcase classname="Chrome 79.0" name="ESLint | app features/components/sf/logistics/delivery-estimate/component.js " time="0"/><testcase classname="Chrome 79.0" name="ESLint | app features/components/sf/logistics/desk-case/component.js " time="0"/><testcase classname="Chrome 79.0" name="ESLint | app features/components/sf/logistics/expanded-row/component.js " time="0"/><testcase classname="Chrome 79.0" name="ESLint | app features/components/sf/logistics/late-notification/component.js " time="0"/><testcase classname="Chrome 79.0" name="ESLint | app features/components/sf/logistics/manual-form/component.js " time="0"/><testcase classname="Chrome 79.0" name="ESLint | app features/components/sf/logistics/monitoring-notes/component.js " time="0"/><testcase classname="Chrome 79.0" name="ESLint | app features/components/sf/logistics/order-row/component.js " time="0"/><testcase classname="Chrome 79.0" name="ESLint | app features/components/sf/logistics/pickup-delivery-time-table-cell/component.js " time="0"/><testcase classname="Chrome 79.0" name="ESLint | app features/components/sf/logistics/pickup-time-select/component.js " time="0"/><testcase classname="Chrome 79.0" name="ESLint | app features/components/sf/logistics/stats-display/component.js " time="0"/><testcase classname="Chrome 79.0" name="ESLint | app features/components/sf/logistics/table-head/component.js " time="0"/><testcase classname="Chrome 79.0" name="ESLint | app features/components/sf/menus/fields/menu-item-description-field/component.js " time="0"/><testcase classname="Chrome 79.0" name="ESLint | app features/components/sf/menus/menu-form/component.js " time="0"/><testcase classname="Chrome 79.0" name="ESLint | app features/components/sf/menus/menu-form/menu-group/component.js " time="0.001"/><testcase classname="Chrome 79.0" name="ESLint | app features/components/sf/menus/menu-form/menu-item/component.js " time="0"/><testcase classname="Chrome 79.0" name="ESLint | app features/components/sf/menus/menu-form/menu-option-group/component.js " time="0.001"/><testcase classname="Chrome 79.0" name="ESLint | app features/components/sf/modals/review-email/component.js " time="0"/><testcase classname="Chrome 79.0" name="ESLint | app features/components/sf/modals/weekly-reservation-email/component.js " time="0"/><testcase classname="Chrome 79.0" name="ESLint | app features/components/sf/orders/email-messages/component.js " time="0"/><testcase classname="Chrome 79.0" name="ESLint | app features/components/sf/orders/email-messages/email-message/component.js " time="0"/><testcase classname="Chrome 79.0" name="ESLint | app features/components/sf/orders/email-messages/messages-wrapper/component.js " time="0"/><testcase classname="Chrome 79.0" name="ESLint | app features/components/sf/orders/fast-forward-modal/component.js " time="0"/><testcase classname="Chrome 79.0" name="ESLint | app features/components/sf/orders/fast-forward-widget/component.js " time="0"/><testcase classname="Chrome 79.0" name="ESLint | app features/components/sf/orders/invoices/client-and-restaurant-invoices/component.js " time="0"/><testcase classname="Chrome 79.0" name="ESLint | app features/components/sf/orders/invoices/display-invoice/component.js " time="0"/><testcase classname="Chrome 79.0" name="ESLint | app features/components/sf/orders/invoices/header-row/component.js " time="0"/><testcase classname="Chrome 79.0" name="ESLint | app features/components/sf/orders/invoices/line-item-row/component.js " time="0"/><testcase classname="Chrome 79.0" name="ESLint | app features/components/sf/orders/invoices/order-item-option-row/component.js " time="0"/><testcase classname="Chrome 79.0" name="ESLint | app features/components/sf/orders/invoices/tax-row/component.js " time="0"/><testcase classname="Chrome 79.0" name="ESLint | app features/components/sf/orders/location-helper.js " time="0"/><testcase classname="Chrome 79.0" name="ESLint | app features/components/sf/orders/order-cart/component.js " time="0"/><testcase classname="Chrome 79.0" name="ESLint | app features/components/sf/orders/order-cart/custom-item-modal/component.js " time="0"/><testcase classname="Chrome 79.0" name="ESLint | app features/components/sf/orders/order-cart/order-item/component.js " time="0"/><testcase classname="Chrome 79.0" name="ESLint | app features/components/sf/orders/order-cart/order-member/component.js " time="0.001"/><testcase classname="Chrome 79.0" name="ESLint | app features/components/sf/orders/order-details/component.js " time="0"/><testcase classname="Chrome 79.0" name="ESLint | app features/components/sf/orders/order-menu-group-item/component.js " time="0"/><testcase classname="Chrome 79.0" name="ESLint | app features/components/sf/orders/order-menu/component.js " time="0"/><testcase classname="Chrome 79.0" name="ESLint | app features/components/sf/orders/order-notes/component.js " time="0"/><testcase classname="Chrome 79.0" name="ESLint | app features/components/sf/orders/order-state-display/component.js " time="0"/><testcase classname="Chrome 79.0" name="ESLint | app features/components/sf/orders/order-teams/component.js " time="0"/><testcase classname="Chrome 79.0" name="ESLint | app features/components/sf/orders/order-teams/joined-user/component.js " time="0"/><testcase classname="Chrome 79.0" name="ESLint | app features/components/sf/orders/order-teams/joined-users/component.js " time="0"/><testcase classname="Chrome 79.0" name="ESLint | app features/components/sf/orders/order-teams/team-member/component.js " time="0"/><testcase classname="Chrome 79.0" name="ESLint | app features/components/sf/orders/order-teams/team/component.js " time="0"/><testcase classname="Chrome 79.0" name="ESLint | app features/components/sf/orders/order-teams/topbar/component.js " time="0"/><testcase classname="Chrome 79.0" name="ESLint | app features/components/sf/orders/quote-builder/component.js " time="0"/><testcase classname="Chrome 79.0" name="ESLint | app features/components/sf/orders/restaurant-details/component.js " time="0"/><testcase classname="Chrome 79.0" name="ESLint | app features/components/sf/orders/restaurant-details/restaurant-poll/component.js " time="0"/><testcase classname="Chrome 79.0" name="ESLint | app features/components/sf/orders/restaurant-details/service-times-and-closures/component.js " time="0.001"/><testcase classname="Chrome 79.0" name="ESLint | app features/components/sf/orders/restaurant-details/service-times/component.js " time="0"/><testcase classname="Chrome 79.0" name="ESLint | app features/components/sf/orders/team-order-details/component.js " time="0"/><testcase classname="Chrome 79.0" name="ESLint | app features/components/sf/orders/type-icons/component.js " time="0"/><testcase classname="Chrome 79.0" name="ESLint | app features/components/sf/quick-search/actions/clients-pane/component.js " time="0"/><testcase classname="Chrome 79.0" name="ESLint | app features/components/sf/quick-search/actions/default-pane/component.js " time="0"/><testcase classname="Chrome 79.0" name="ESLint | app features/components/sf/quick-search/actions/orders-pane/component.js " time="0"/><testcase classname="Chrome 79.0" name="ESLint | app features/components/sf/quick-search/actions/restaurants-pane/component.js " time="0"/><testcase classname="Chrome 79.0" name="ESLint | app features/components/sf/quick-search/actions/users-pane/component.js " time="0"/><testcase classname="Chrome 79.0" name="ESLint | app features/components/sf/quick-search/component.js " time="0.001"/><testcase classname="Chrome 79.0" name="ESLint | app features/components/sf/quick-search/items/clients-item/component.js " time="0"/><testcase classname="Chrome 79.0" name="ESLint | app features/components/sf/quick-search/items/default-item/component.js " time="0"/><testcase classname="Chrome 79.0" name="ESLint | app features/components/sf/quick-search/items/orders-item/component.js " time="0.021"/><testcase classname="Chrome 79.0" name="ESLint | app features/components/sf/quick-search/items/restaurants-item/component.js " time="0"/><testcase classname="Chrome 79.0" name="ESLint | app features/components/sf/quick-search/items/users-item/component.js " time="0"/><testcase classname="Chrome 79.0" name="ESLint | app features/components/sf/repeat-n-times/component.js " time="0"/><testcase classname="Chrome 79.0" name="ESLint | app features/components/sf/service-fee-warning/component.js " time="0"/><testcase classname="Chrome 79.0" name="ESLint | app features/components/sf/service-times/service-times-day/component.js " time="0"/><testcase classname="Chrome 79.0" name="ESLint | app features/components/sf/simple-button/component.js " time="0"/><testcase classname="Chrome 79.0" name="ESLint | app features/components/sf/tab-nav/component.js " time="0.001"/><testcase classname="Chrome 79.0" name="ESLint | app features/components/sf/tab-nav/tab-item/component.js " time="0"/><testcase classname="Chrome 79.0" name="ESLint | app features/components/sf/tab-nav/tab-menu/component.js " time="0"/><testcase classname="Chrome 79.0" name="ESLint | app features/components/sf/tab-nav/tab-view/component.js " time="0"/><testcase classname="Chrome 79.0" name="ESLint | app features/components/sf/tab-view/component.js " time="0"/><testcase classname="Chrome 79.0" name="ESLint | app features/components/sf/tab-view/tab-group/component.js " time="0"/><testcase classname="Chrome 79.0" name="ESLint | app features/components/sf/tab-view/tab-group/tab/component.js " time="0"/><testcase classname="Chrome 79.0" name="ESLint | app features/components/sf/tab-view/tab-pane/component.js " time="0"/><testcase classname="Chrome 79.0" name="ESLint | app features/components/sf/tables/client-admins/component.js " time="0.001"/><testcase classname="Chrome 79.0" name="ESLint | app features/components/sf/tables/client-index/component.js " time="0"/><testcase classname="Chrome 79.0" name="ESLint | app features/components/sf/tables/client-invites/component.js " time="0"/><testcase classname="Chrome 79.0" name="ESLint | app features/components/sf/tables/client-teams/component.js " time="0"/><testcase classname="Chrome 79.0" name="ESLint | app features/components/sf/tables/ordered-table/component.js " time="0"/><testcase classname="Chrome 79.0" name="ESLint | app features/components/sf/tables/ordered-table/pagination-footer/component.js " time="0"/><testcase classname="Chrome 79.0" name="ESLint | app features/components/sf/tables/ordered-table/section-row/component.js " time="0"/><testcase classname="Chrome 79.0" name="ESLint | app features/components/sf/tables/ordered-table/table-body/component.js " time="0"/><testcase classname="Chrome 79.0" name="ESLint | app features/components/sf/tables/ordered-table/table-cell/component.js " time="0"/><testcase classname="Chrome 79.0" name="ESLint | app features/components/sf/tables/ordered-table/table-footer/component.js " time="0"/><testcase classname="Chrome 79.0" name="ESLint | app features/components/sf/tables/ordered-table/table-header/component.js " time="0"/><testcase classname="Chrome 79.0" name="ESLint | app features/components/sf/tables/ordered-table/table-header/table-header-action-menu/component.js " time="0"/><testcase classname="Chrome 79.0" name="ESLint | app features/components/sf/tables/ordered-table/table-header/table-header-cell/component.js " time="0"/><testcase classname="Chrome 79.0" name="ESLint | app features/components/sf/tables/ordered-table/table-manager.js " time="0"/><testcase classname="Chrome 79.0" name="ESLint | app features/components/sf/tables/ordered-table/table-rows/component.js " time="0"/><testcase classname="Chrome 79.0" name="ESLint | app features/components/sf/tables/ordered-table/table-rows/expandable-row/component.js " time="0"/><testcase classname="Chrome 79.0" name="ESLint | app features/components/sf/tables/ordered-table/table-rows/row-content/component.js " time="0"/><testcase classname="Chrome 79.0" name="ESLint | app features/components/sf/tables/ordered-table/table-rows/row-form-switcher/component.js " time="0"/><testcase classname="Chrome 79.0" name="ESLint | app features/components/sf/tables/ordered-table/table-rows/row-form-switcher/tr/component.js " time="0"/><testcase classname="Chrome 79.0" name="ESLint | app features/components/sf/tables/ordered-table/table-rows/save-cell/component.js " time="0"/><testcase classname="Chrome 79.0" name="ESLint | app features/components/sf/tables/ordered-table/table-rows/select-cell/component.js " time="0"/><testcase classname="Chrome 79.0" name="ESLint | app features/components/sf/tables/ordered-table/table-sections/component.js " time="0"/><testcase classname="Chrome 79.0" name="ESLint | app features/components/sf/tables/organization-locations/component.js " time="0"/><testcase classname="Chrome 79.0" name="ESLint | app features/components/sf/tables/payment-cards/component.js " time="0"/><testcase classname="Chrome 79.0" name="ESLint | app features/components/sf/tables/reorderable-table/component.js " time="0"/><testcase classname="Chrome 79.0" name="ESLint | app features/components/sf/tables/reorderable-table/form-container/component.js " time="0"/><testcase classname="Chrome 79.0" name="ESLint | app features/components/sf/tables/reorderable-table/table-body/component.js " time="0"/><testcase classname="Chrome 79.0" name="ESLint | app features/components/sf/tables/reorderable-table/table-component/component.js " time="0"/><testcase classname="Chrome 79.0" name="ESLint | app features/components/sf/tables/reorderable-table/table-header/component.js " time="0"/><testcase classname="Chrome 79.0" name="ESLint | app features/components/sf/tables/restaurant-admins/component.js " time="0"/><testcase classname="Chrome 79.0" name="ESLint | app features/components/sf/tables/restaurant-index/component.js " time="0"/><testcase classname="Chrome 79.0" name="ESLint | app features/components/sf/tables/tax-rates/component.js " time="0"/><testcase classname="Chrome 79.0" name="ESLint | app features/components/sf/tables/versions-table/component.js " time="0.001"/><testcase classname="Chrome 79.0" name="ESLint | app features/components/sf/time-select-tz/component.js " time="0"/><testcase classname="Chrome 79.0" name="ESLint | app features/components/sf/views/feature-view/component.js " time="0.001"/><testcase classname="Chrome 79.0" name="ESLint | app features/components/sf/views/full-height-scroll-view/component.js " time="0"/><testcase classname="Chrome 79.0" name="ESLint | app features/components/sf/views/message-view/component.js " time="0"/><testcase classname="Chrome 79.0" name="ESLint | app features/components/sf/views/navigation-view/component.js " time="0"/><testcase classname="Chrome 79.0" name="ESLint | app features/components/sf/views/navigation-view/navigation-bar/component.js " time="0"/><testcase classname="Chrome 79.0" name="ESLint | app features/components/sf/views/navigation-view/navigation-item/component.js " time="0"/><testcase classname="Chrome 79.0" name="ESLint | app features/components/sf/views/navigation-view/sizes.js " time="0"/><testcase classname="Chrome 79.0" name="ESLint | app features/forgot-password/controller.js " time="0"/><testcase classname="Chrome 79.0" name="ESLint | app features/forgot-password/route.js " time="0.001"/><testcase classname="Chrome 79.0" name="ESLint | app features/logged-in/accounting/controller.js " time="0"/><testcase classname="Chrome 79.0" name="ESLint | app features/logged-in/accounting/route.js " time="0.001"/><testcase classname="Chrome 79.0" name="ESLint | app features/logged-in/admins/app-configurations/controller.js " time="0"/><testcase classname="Chrome 79.0" name="ESLint | app features/logged-in/admins/app-configurations/route.js " time="0"/><testcase classname="Chrome 79.0" name="ESLint | app features/logged-in/admins/app-configurations/show/controller.js " time="0.001"/><testcase classname="Chrome 79.0" name="ESLint | app features/logged-in/admins/app-configurations/show/route.js " time="0"/><testcase classname="Chrome 79.0" name="ESLint | app features/logged-in/admins/capabilities/controller.js " time="0"/><testcase classname="Chrome 79.0" name="ESLint | app features/logged-in/admins/capabilities/route.js " time="0"/><testcase classname="Chrome 79.0" name="ESLint | app features/logged-in/admins/companies/controller.js " time="0.001"/><testcase classname="Chrome 79.0" name="ESLint | app features/logged-in/admins/companies/index/controller.js " time="0"/><testcase classname="Chrome 79.0" name="ESLint | app features/logged-in/admins/companies/index/route.js " time="0"/><testcase classname="Chrome 79.0" name="ESLint | app features/logged-in/admins/companies/route.js " time="0"/><testcase classname="Chrome 79.0" name="ESLint | app features/logged-in/admins/companies/show/controller.js " time="0"/><testcase classname="Chrome 79.0" name="ESLint | app features/logged-in/admins/companies/show/route.js " time="0"/><testcase classname="Chrome 79.0" name="ESLint | app features/logged-in/admins/controller.js " time="0"/><testcase classname="Chrome 79.0" name="ESLint | app features/logged-in/admins/giftbit-errors/controller.js " time="0"/><testcase classname="Chrome 79.0" name="ESLint | app features/logged-in/admins/giftbit-errors/index/controller.js " time="0"/><testcase classname="Chrome 79.0" name="ESLint | app features/logged-in/admins/giftbit-errors/index/route.js " time="0"/><testcase classname="Chrome 79.0" name="ESLint | app features/logged-in/admins/giftbit-errors/route.js " time="0"/><testcase classname="Chrome 79.0" name="ESLint | app features/logged-in/admins/giftbit-errors/show/controller.js " time="0"/><testcase classname="Chrome 79.0" name="ESLint | app features/logged-in/admins/giftbit-errors/show/route.js " time="0"/><testcase classname="Chrome 79.0" name="ESLint | app features/logged-in/admins/giftbit/controller.js " time="0"/><testcase classname="Chrome 79.0" name="ESLint | app features/logged-in/admins/giftbit/route.js " time="0"/><testcase classname="Chrome 79.0" name="ESLint | app features/logged-in/admins/route.js " time="0"/><testcase classname="Chrome 79.0" name="ESLint | app features/logged-in/admins/salesforce/controller.js " time="0"/><testcase classname="Chrome 79.0" name="ESLint | app features/logged-in/admins/salesforce/index/controller.js " time="0"/><testcase classname="Chrome 79.0" name="ESLint | app features/logged-in/admins/salesforce/index/route.js " time="0"/><testcase classname="Chrome 79.0" name="ESLint | app features/logged-in/admins/salesforce/route.js " time="0"/><testcase classname="Chrome 79.0" name="ESLint | app features/logged-in/admins/salesforce/show/controller.js " time="0"/><testcase classname="Chrome 79.0" name="ESLint | app features/logged-in/admins/salesforce/show/route.js " time="0"/><testcase classname="Chrome 79.0" name="ESLint | app features/logged-in/admins/tax-rates/controller.js " time="0.002"/><testcase classname="Chrome 79.0" name="ESLint | app features/logged-in/admins/tax-rates/new/controller.js " time="0"/><testcase classname="Chrome 79.0" name="ESLint | app features/logged-in/admins/tax-rates/new/route.js " time="0"/><testcase classname="Chrome 79.0" name="ESLint | app features/logged-in/admins/tax-rates/route.js " time="0"/><testcase classname="Chrome 79.0" name="ESLint | app features/logged-in/areas/controller.js " time="0"/><testcase classname="Chrome 79.0" name="ESLint | app features/logged-in/areas/edit/controller.js " time="0"/><testcase classname="Chrome 79.0" name="ESLint | app features/logged-in/areas/edit/details/controller.js " time="0"/><testcase classname="Chrome 79.0" name="ESLint | app features/logged-in/areas/edit/details/route.js " time="0"/><testcase classname="Chrome 79.0" name="ESLint | app features/logged-in/areas/edit/feed/controller.js " time="0"/><testcase classname="Chrome 79.0" name="ESLint | app features/logged-in/areas/edit/feed/route.js " time="0"/><testcase classname="Chrome 79.0" name="ESLint | app features/logged-in/areas/edit/index/controller.js " time="0"/><testcase classname="Chrome 79.0" name="ESLint | app features/logged-in/areas/edit/index/new/controller.js " time="0"/><testcase classname="Chrome 79.0" name="ESLint | app features/logged-in/areas/edit/index/new/route.js " time="0"/><testcase classname="Chrome 79.0" name="ESLint | app features/logged-in/areas/edit/index/route.js " time="0"/><testcase classname="Chrome 79.0" name="ESLint | app features/logged-in/areas/edit/route.js " time="0"/><testcase classname="Chrome 79.0" name="ESLint | app features/logged-in/areas/index/controller.js " time="0"/><testcase classname="Chrome 79.0" name="ESLint | app features/logged-in/areas/index/route.js " time="0"/><testcase classname="Chrome 79.0" name="ESLint | app features/logged-in/areas/new/controller.js " time="0"/><testcase classname="Chrome 79.0" name="ESLint | app features/logged-in/areas/new/route.js " time="0"/><testcase classname="Chrome 79.0" name="ESLint | app features/logged-in/areas/route.js " time="0"/><testcase classname="Chrome 79.0" name="ESLint | app features/logged-in/availability/controller.js " time="0"/><testcase classname="Chrome 79.0" name="ESLint | app features/logged-in/availability/route.js " time="0"/><testcase classname="Chrome 79.0" name="ESLint | app features/logged-in/bookmarks/controller.js " time="0.001"/><testcase classname="Chrome 79.0" name="ESLint | app features/logged-in/bookmarks/edit/controller.js " time="0"/><testcase classname="Chrome 79.0" name="ESLint | app features/logged-in/bookmarks/edit/route.js " time="0"/><testcase classname="Chrome 79.0" name="ESLint | app features/logged-in/bookmarks/index/controller.js " time="0"/><testcase classname="Chrome 79.0" name="ESLint | app features/logged-in/bookmarks/index/route.js " time="0"/><testcase classname="Chrome 79.0" name="ESLint | app features/logged-in/bookmarks/route.js " time="0"/><testcase classname="Chrome 79.0" name="ESLint | app features/logged-in/bulk-orders/controller.js " time="0"/><testcase classname="Chrome 79.0" name="ESLint | app features/logged-in/bulk-orders/route.js " time="0"/><testcase classname="Chrome 79.0" name="ESLint | app features/logged-in/clients/controller.js " time="0"/><testcase classname="Chrome 79.0" name="ESLint | app features/logged-in/clients/edit/accounting/controller.js " time="0"/><testcase classname="Chrome 79.0" name="ESLint | app features/logged-in/clients/edit/accounting/route.js " time="0"/><testcase classname="Chrome 79.0" name="ESLint | app features/logged-in/clients/edit/controller.js " time="0"/><testcase classname="Chrome 79.0" name="ESLint | app features/logged-in/clients/edit/feed/controller.js " time="0.001"/><testcase classname="Chrome 79.0" name="ESLint | app features/logged-in/clients/edit/feed/route.js " time="0"/><testcase classname="Chrome 79.0" name="ESLint | app features/logged-in/clients/edit/giftbit/controller.js " time="0"/><testcase classname="Chrome 79.0" name="ESLint | app features/logged-in/clients/edit/giftbit/route.js " time="0"/><testcase classname="Chrome 79.0" name="ESLint | app features/logged-in/clients/edit/import-orders/controller.js " time="0"/><testcase classname="Chrome 79.0" name="ESLint | app features/logged-in/clients/edit/import-orders/route.js " time="0"/><testcase classname="Chrome 79.0" name="ESLint | app features/logged-in/clients/edit/index/controller.js " time="0"/><testcase classname="Chrome 79.0" name="ESLint | app features/logged-in/clients/edit/index/route.js " time="0"/><testcase classname="Chrome 79.0" name="ESLint | app features/logged-in/clients/edit/internal/controller.js " time="0"/><testcase classname="Chrome 79.0" name="ESLint | app features/logged-in/clients/edit/internal/route.js " time="0"/><testcase classname="Chrome 79.0" name="ESLint | app features/logged-in/clients/edit/meal-plan/controller.js " time="0"/><testcase classname="Chrome 79.0" name="ESLint | app features/logged-in/clients/edit/meal-plan/route.js " time="0"/><testcase classname="Chrome 79.0" name="ESLint | app features/logged-in/clients/edit/meal-planning-instance/controller.js " time="0"/><testcase classname="Chrome 79.0" name="ESLint | app features/logged-in/clients/edit/meal-planning-instance/index/controller.js " time="0"/><testcase classname="Chrome 79.0" name="ESLint | app features/logged-in/clients/edit/meal-planning-instance/index/route.js " time="0"/><testcase classname="Chrome 79.0" name="ESLint | app features/logged-in/clients/edit/meal-planning-instance/route.js " time="0.001"/><testcase classname="Chrome 79.0" name="ESLint | app features/logged-in/clients/edit/meal-planning-instance/show/controller.js " time="0"/><testcase classname="Chrome 79.0" name="ESLint | app features/logged-in/clients/edit/meal-planning-instance/show/route.js " time="0"/><testcase classname="Chrome 79.0" name="ESLint | app features/logged-in/clients/edit/meal-planning-preference-profile/controller.js " time="0"/><testcase classname="Chrome 79.0" name="ESLint | app features/logged-in/clients/edit/meal-planning-preference-profile/route.js " time="0"/><testcase classname="Chrome 79.0" name="ESLint | app features/logged-in/clients/edit/meal-planning-reservation/controller.js " time="0"/><testcase classname="Chrome 79.0" name="ESLint | app features/logged-in/clients/edit/meal-planning-reservation/route.js " time="0"/><testcase classname="Chrome 79.0" name="ESLint | app features/logged-in/clients/edit/meal-planning-template/controller.js " time="0"/><testcase classname="Chrome 79.0" name="ESLint | app features/logged-in/clients/edit/meal-planning-template/route.js " time="0"/><testcase classname="Chrome 79.0" name="ESLint | app features/logged-in/clients/edit/orders/controller.js " time="0"/><testcase classname="Chrome 79.0" name="ESLint | app features/logged-in/clients/edit/orders/route.js " time="0"/><testcase classname="Chrome 79.0" name="ESLint | app features/logged-in/clients/edit/route.js " time="0"/><testcase classname="Chrome 79.0" name="ESLint | app features/logged-in/clients/edit/users/controller.js " time="0"/><testcase classname="Chrome 79.0" name="ESLint | app features/logged-in/clients/edit/users/route.js " time="0"/><testcase classname="Chrome 79.0" name="ESLint | app features/logged-in/clients/index/controller.js " time="0"/><testcase classname="Chrome 79.0" name="ESLint | app features/logged-in/clients/index/route.js " time="0"/><testcase classname="Chrome 79.0" name="ESLint | app features/logged-in/clients/route.js " time="0"/><testcase classname="Chrome 79.0" name="ESLint | app features/logged-in/controller.js " time="0"/><testcase classname="Chrome 79.0" name="ESLint | app features/logged-in/dev-team/components/controller.js " time="0"/><testcase classname="Chrome 79.0" name="ESLint | app features/logged-in/dev-team/components/controls/controller.js " time="0.005"/><testcase classname="Chrome 79.0" name="ESLint | app features/logged-in/dev-team/components/controls/route.js " time="0"/><testcase classname="Chrome 79.0" name="ESLint | app features/logged-in/dev-team/components/fields/controller.js " time="0"/><testcase classname="Chrome 79.0" name="ESLint | app features/logged-in/dev-team/components/fields/route.js " time="0"/><testcase classname="Chrome 79.0" name="ESLint | app features/logged-in/dev-team/components/filters/controller.js " time="0"/><testcase classname="Chrome 79.0" name="ESLint | app features/logged-in/dev-team/components/filters/route.js " time="0"/><testcase classname="Chrome 79.0" name="ESLint | app features/logged-in/dev-team/components/form-for/controller.js " time="0"/><testcase classname="Chrome 79.0" name="ESLint | app features/logged-in/dev-team/components/form-for/route.js " time="0"/><testcase classname="Chrome 79.0" name="ESLint | app features/logged-in/dev-team/components/forms/controller.js " time="0"/><testcase classname="Chrome 79.0" name="ESLint | app features/logged-in/dev-team/components/forms/route.js " time="0"/><testcase classname="Chrome 79.0" name="ESLint | app features/logged-in/dev-team/components/index/controller.js " time="0"/><testcase classname="Chrome 79.0" name="ESLint | app features/logged-in/dev-team/components/index/route.js " time="0"/><testcase classname="Chrome 79.0" name="ESLint | app features/logged-in/dev-team/components/layouts/controller.js " time="0"/><testcase classname="Chrome 79.0" name="ESLint | app features/logged-in/dev-team/components/layouts/route.js " time="0"/><testcase classname="Chrome 79.0" name="ESLint | app features/logged-in/dev-team/components/lists/controller.js " time="0"/><testcase classname="Chrome 79.0" name="ESLint | app features/logged-in/dev-team/components/lists/route.js " time="0"/><testcase classname="Chrome 79.0" name="ESLint | app features/logged-in/dev-team/components/logistics/controller.js " time="0"/><testcase classname="Chrome 79.0" name="ESLint | app features/logged-in/dev-team/components/logistics/route.js " time="0"/><testcase classname="Chrome 79.0" name="ESLint | app features/logged-in/dev-team/components/menus/controller.js " time="0"/><testcase classname="Chrome 79.0" name="ESLint | app features/logged-in/dev-team/components/menus/route.js " time="0"/><testcase classname="Chrome 79.0" name="ESLint | app features/logged-in/dev-team/components/misc/controller.js " time="0"/><testcase classname="Chrome 79.0" name="ESLint | app features/logged-in/dev-team/components/misc/route.js " time="0"/><testcase classname="Chrome 79.0" name="ESLint | app features/logged-in/dev-team/components/orders/controller.js " time="0"/><testcase classname="Chrome 79.0" name="ESLint | app features/logged-in/dev-team/components/orders/route.js " time="0"/><testcase classname="Chrome 79.0" name="ESLint | app features/logged-in/dev-team/components/route.js " time="0"/><testcase classname="Chrome 79.0" name="ESLint | app features/logged-in/dev-team/components/tables/controller.js " time="0"/><testcase classname="Chrome 79.0" name="ESLint | app features/logged-in/dev-team/components/tables/route.js " time="0"/><testcase classname="Chrome 79.0" name="ESLint | app features/logged-in/dev-team/controller.js " time="0"/><testcase classname="Chrome 79.0" name="ESLint | app features/logged-in/dev-team/fleet-fox-settings/controller.js " time="0"/><testcase classname="Chrome 79.0" name="ESLint | app features/logged-in/dev-team/fleet-fox-settings/route.js " time="0"/><testcase classname="Chrome 79.0" name="ESLint | app features/logged-in/dev-team/index/controller.js " time="0"/><testcase classname="Chrome 79.0" name="ESLint | app features/logged-in/dev-team/index/route.js " time="0"/><testcase classname="Chrome 79.0" name="ESLint | app features/logged-in/dev-team/order-locks/controller.js " time="0"/><testcase classname="Chrome 79.0" name="ESLint | app features/logged-in/dev-team/order-locks/route.js " time="0.001"/><testcase classname="Chrome 79.0" name="ESLint | app features/logged-in/dev-team/route.js " time="0"/><testcase classname="Chrome 79.0" name="ESLint | app features/logged-in/index/controller.js " time="0"/><testcase classname="Chrome 79.0" name="ESLint | app features/logged-in/index/route.js " time="0"/><testcase classname="Chrome 79.0" name="ESLint | app features/logged-in/logistics/archive/controller.js " time="0"/><testcase classname="Chrome 79.0" name="ESLint | app features/logged-in/logistics/archive/route.js " time="0"/><testcase classname="Chrome 79.0" name="ESLint | app features/logged-in/logistics/availability/controller.js " time="0"/><testcase classname="Chrome 79.0" name="ESLint | app features/logged-in/logistics/availability/route.js " time="0.001"/><testcase classname="Chrome 79.0" name="ESLint | app features/logged-in/logistics/controller.js " time="0.001"/><testcase classname="Chrome 79.0" name="ESLint | app features/logged-in/logistics/couriers/controller.js " time="0"/><testcase classname="Chrome 79.0" name="ESLint | app features/logged-in/logistics/couriers/index/controller.js " time="0"/><testcase classname="Chrome 79.0" name="ESLint | app features/logged-in/logistics/couriers/index/route.js " time="0"/><testcase classname="Chrome 79.0" name="ESLint | app features/logged-in/logistics/couriers/route.js " time="0"/><testcase classname="Chrome 79.0" name="ESLint | app features/logged-in/logistics/couriers/show/controller.js " time="0"/><testcase classname="Chrome 79.0" name="ESLint | app features/logged-in/logistics/couriers/show/route.js " time="0"/><testcase classname="Chrome 79.0" name="ESLint | app features/logged-in/logistics/index/controller.js " time="0.001"/><testcase classname="Chrome 79.0" name="ESLint | app features/logged-in/logistics/index/route.js " time="0"/><testcase classname="Chrome 79.0" name="ESLint | app features/logged-in/logistics/live-view/controller.js " time="0"/><testcase classname="Chrome 79.0" name="ESLint | app features/logged-in/logistics/live-view/route.js " time="0.001"/><testcase classname="Chrome 79.0" name="ESLint | app features/logged-in/logistics/planning/controller.js " time="0"/><testcase classname="Chrome 79.0" name="ESLint | app features/logged-in/logistics/planning/route.js " time="0"/><testcase classname="Chrome 79.0" name="ESLint | app features/logged-in/logistics/route.js " time="0"/><testcase classname="Chrome 79.0" name="ESLint | app features/logged-in/logistics/third-party-logistics/controller.js " time="0"/><testcase classname="Chrome 79.0" name="ESLint | app features/logged-in/logistics/third-party-logistics/route.js " time="0"/><testcase classname="Chrome 79.0" name="ESLint | app features/logged-in/new-order/controller.js " time="0"/><testcase classname="Chrome 79.0" name="ESLint | app features/logged-in/new-order/route.js " time="0.002"/><testcase classname="Chrome 79.0" name="ESLint | app features/logged-in/orders/controller.js " time="0"/><testcase classname="Chrome 79.0" name="ESLint | app features/logged-in/orders/edit/accounting/controller.js " time="0.001"/><testcase classname="Chrome 79.0" name="ESLint | app features/logged-in/orders/edit/accounting/route.js " time="0"/><testcase classname="Chrome 79.0" name="ESLint | app features/logged-in/orders/edit/cart/controller.js " time="0.001"/><testcase classname="Chrome 79.0" name="ESLint | app features/logged-in/orders/edit/cart/route.js " time="0"/><testcase classname="Chrome 79.0" name="ESLint | app features/logged-in/orders/edit/controller.js " time="0"/><testcase classname="Chrome 79.0" name="ESLint | app features/logged-in/orders/edit/dev/controller.js " time="0"/><testcase classname="Chrome 79.0" name="ESLint | app features/logged-in/orders/edit/dev/route.js " time="0"/><testcase classname="Chrome 79.0" name="ESLint | app features/logged-in/orders/edit/feed/controller.js " time="0"/><testcase classname="Chrome 79.0" name="ESLint | app features/logged-in/orders/edit/feed/route.js " time="0"/><testcase classname="Chrome 79.0" name="ESLint | app features/logged-in/orders/edit/index/controller.js " time="0"/><testcase classname="Chrome 79.0" name="ESLint | app features/logged-in/orders/edit/index/route.js " time="0"/><testcase classname="Chrome 79.0" name="ESLint | app features/logged-in/orders/edit/manage-teams/controller.js " time="0.001"/><testcase classname="Chrome 79.0" name="ESLint | app features/logged-in/orders/edit/manage-teams/route.js " time="0"/><testcase classname="Chrome 79.0" name="ESLint | app features/logged-in/orders/edit/route.js " time="0"/><testcase classname="Chrome 79.0" name="ESLint | app features/logged-in/orders/route.js " time="0"/><testcase classname="Chrome 79.0" name="ESLint | app features/logged-in/overrides/controller.js " time="0"/><testcase classname="Chrome 79.0" name="ESLint | app features/logged-in/overrides/route.js " time="0"/><testcase classname="Chrome 79.0" name="ESLint | app features/logged-in/planning/calendar/controller.js " time="0.001"/><testcase classname="Chrome 79.0" name="ESLint | app features/logged-in/planning/calendar/route.js " time="0"/><testcase classname="Chrome 79.0" name="ESLint | app features/logged-in/planning/controller.js " time="0"/><testcase classname="Chrome 79.0" name="ESLint | app features/logged-in/planning/index/controller.js " time="0"/><testcase classname="Chrome 79.0" name="ESLint | app features/logged-in/planning/index/edit-order/accounting/controller.js " time="0"/><testcase classname="Chrome 79.0" name="ESLint | app features/logged-in/planning/index/edit-order/accounting/route.js " time="0"/><testcase classname="Chrome 79.0" name="ESLint | app features/logged-in/planning/index/edit-order/cart/controller.js " time="0"/><testcase classname="Chrome 79.0" name="ESLint | app features/logged-in/planning/index/edit-order/cart/route.js " time="0"/><testcase classname="Chrome 79.0" name="ESLint | app features/logged-in/planning/index/edit-order/controller.js " time="0"/><testcase classname="Chrome 79.0" name="ESLint | app features/logged-in/planning/index/edit-order/dev/controller.js " time="0"/><testcase classname="Chrome 79.0" name="ESLint | app features/logged-in/planning/index/edit-order/dev/route.js " time="0"/><testcase classname="Chrome 79.0" name="ESLint | app features/logged-in/planning/index/edit-order/feed/controller.js " time="0"/><testcase classname="Chrome 79.0" name="ESLint | app features/logged-in/planning/index/edit-order/feed/route.js " time="0"/><testcase classname="Chrome 79.0" name="ESLint | app features/logged-in/planning/index/edit-order/index/controller.js " time="0"/><testcase classname="Chrome 79.0" name="ESLint | app features/logged-in/planning/index/edit-order/index/route.js " time="0"/><testcase classname="Chrome 79.0" name="ESLint | app features/logged-in/planning/index/edit-order/manage-teams/controller.js " time="0"/><testcase classname="Chrome 79.0" name="ESLint | app features/logged-in/planning/index/edit-order/manage-teams/route.js " time="0"/><testcase classname="Chrome 79.0" name="ESLint | app features/logged-in/planning/index/edit-order/route.js " time="0"/><testcase classname="Chrome 79.0" name="ESLint | app features/logged-in/planning/index/route.js " time="0"/><testcase classname="Chrome 79.0" name="ESLint | app features/logged-in/planning/route.js " time="0"/><testcase classname="Chrome 79.0" name="ESLint | app features/logged-in/profile/controller.js " time="0"/><testcase classname="Chrome 79.0" name="ESLint | app features/logged-in/profile/route.js " time="0"/><testcase classname="Chrome 79.0" name="ESLint | app features/logged-in/promo-codes/controller.js " time="0"/><testcase classname="Chrome 79.0" name="ESLint | app features/logged-in/promo-codes/new/controller.js " time="0.001"/><testcase classname="Chrome 79.0" name="ESLint | app features/logged-in/promo-codes/new/route.js " time="0"/><testcase classname="Chrome 79.0" name="ESLint | app features/logged-in/promo-codes/route.js " time="0"/><testcase classname="Chrome 79.0" name="ESLint | app features/logged-in/restaurant-users/controller.js " time="0"/><testcase classname="Chrome 79.0" name="ESLint | app features/logged-in/restaurant-users/route.js " time="0"/><testcase classname="Chrome 79.0" name="ESLint | app features/logged-in/restaurant-users/show/controller.js " time="0"/><testcase classname="Chrome 79.0" name="ESLint | app features/logged-in/restaurant-users/show/index/controller.js " time="0"/><testcase classname="Chrome 79.0" name="ESLint | app features/logged-in/restaurant-users/show/index/route.js " time="0"/><testcase classname="Chrome 79.0" name="ESLint | app features/logged-in/restaurant-users/show/route.js " time="0"/><testcase classname="Chrome 79.0" name="ESLint | app features/logged-in/restaurants/controller.js " time="0"/><testcase classname="Chrome 79.0" name="ESLint | app features/logged-in/restaurants/index/controller.js " time="0"/><testcase classname="Chrome 79.0" name="ESLint | app features/logged-in/restaurants/index/route.js " time="0"/><testcase classname="Chrome 79.0" name="ESLint | app features/logged-in/restaurants/route.js " time="0"/><testcase classname="Chrome 79.0" name="ESLint | app features/logged-in/restaurants/show/accounting/controller.js " time="0"/><testcase classname="Chrome 79.0" name="ESLint | app features/logged-in/restaurants/show/accounting/route.js " time="0"/><testcase classname="Chrome 79.0" name="ESLint | app features/logged-in/restaurants/show/capacities/controller.js " time="0"/><testcase classname="Chrome 79.0" name="ESLint | app features/logged-in/restaurants/show/capacities/edit-order/accounting/controller.js " time="0"/><testcase classname="Chrome 79.0" name="ESLint | app features/logged-in/restaurants/show/capacities/edit-order/accounting/route.js " time="0"/><testcase classname="Chrome 79.0" name="ESLint | app features/logged-in/restaurants/show/capacities/edit-order/cart/controller.js " time="0.001"/><testcase classname="Chrome 79.0" name="ESLint | app features/logged-in/restaurants/show/capacities/edit-order/cart/route.js " time="0"/><testcase classname="Chrome 79.0" name="ESLint | app features/logged-in/restaurants/show/capacities/edit-order/controller.js " time="0"/><testcase classname="Chrome 79.0" name="ESLint | app features/logged-in/restaurants/show/capacities/edit-order/dev/controller.js " time="0"/><testcase classname="Chrome 79.0" name="ESLint | app features/logged-in/restaurants/show/capacities/edit-order/dev/route.js " time="0"/><testcase classname="Chrome 79.0" name="ESLint | app features/logged-in/restaurants/show/capacities/edit-order/feed/controller.js " time="0"/><testcase classname="Chrome 79.0" name="ESLint | app features/logged-in/restaurants/show/capacities/edit-order/feed/route.js " time="0"/><testcase classname="Chrome 79.0" name="ESLint | app features/logged-in/restaurants/show/capacities/edit-order/index/controller.js " time="0"/><testcase classname="Chrome 79.0" name="ESLint | app features/logged-in/restaurants/show/capacities/edit-order/index/route.js " time="0"/><testcase classname="Chrome 79.0" name="ESLint | app features/logged-in/restaurants/show/capacities/edit-order/manage-teams/controller.js " time="0"/><testcase classname="Chrome 79.0" name="ESLint | app features/logged-in/restaurants/show/capacities/edit-order/manage-teams/route.js " time="0.001"/><testcase classname="Chrome 79.0" name="ESLint | app features/logged-in/restaurants/show/capacities/edit-order/route.js " time="0"/><testcase classname="Chrome 79.0" name="ESLint | app features/logged-in/restaurants/show/capacities/route.js " time="0"/><testcase classname="Chrome 79.0" name="ESLint | app features/logged-in/restaurants/show/checklist/controller.js " time="0"/><testcase classname="Chrome 79.0" name="ESLint | app features/logged-in/restaurants/show/checklist/route.js " time="0"/><testcase classname="Chrome 79.0" name="ESLint | app features/logged-in/restaurants/show/closures/controller.js " time="0"/><testcase classname="Chrome 79.0" name="ESLint | app features/logged-in/restaurants/show/closures/route.js " time="0"/><testcase classname="Chrome 79.0" name="ESLint | app features/logged-in/restaurants/show/controller.js " time="0"/><testcase classname="Chrome 79.0" name="ESLint | app features/logged-in/restaurants/show/feed/controller.js " time="0"/><testcase classname="Chrome 79.0" name="ESLint | app features/logged-in/restaurants/show/feed/route.js " time="0"/><testcase classname="Chrome 79.0" name="ESLint | app features/logged-in/restaurants/show/index/controller.js " time="0"/><testcase classname="Chrome 79.0" name="ESLint | app features/logged-in/restaurants/show/index/route.js " time="0"/><testcase classname="Chrome 79.0" name="ESLint | app features/logged-in/restaurants/show/masterfox/controller.js " time="0"/><testcase classname="Chrome 79.0" name="ESLint | app features/logged-in/restaurants/show/masterfox/route.js " time="0"/><testcase classname="Chrome 79.0" name="ESLint | app features/logged-in/restaurants/show/menus/controller.js " time="0"/><testcase classname="Chrome 79.0" name="ESLint | app features/logged-in/restaurants/show/menus/edit/controller.js " time="0"/><testcase classname="Chrome 79.0" name="ESLint | app features/logged-in/restaurants/show/menus/edit/route.js " time="0"/><testcase classname="Chrome 79.0" name="ESLint | app features/logged-in/restaurants/show/menus/index/controller.js " time="0"/><testcase classname="Chrome 79.0" name="ESLint | app features/logged-in/restaurants/show/menus/index/route.js " time="0"/><testcase classname="Chrome 79.0" name="ESLint | app features/logged-in/restaurants/show/menus/route.js " time="0"/><testcase classname="Chrome 79.0" name="ESLint | app features/logged-in/restaurants/show/menus/show/controller.js " time="0.001"/><testcase classname="Chrome 79.0" name="ESLint | app features/logged-in/restaurants/show/menus/show/route.js " time="0"/><testcase classname="Chrome 79.0" name="ESLint | app features/logged-in/restaurants/show/orders/controller.js " time="0"/><testcase classname="Chrome 79.0" name="ESLint | app features/logged-in/restaurants/show/orders/route.js " time="0"/><testcase classname="Chrome 79.0" name="ESLint | app features/logged-in/restaurants/show/route.js " time="0"/><testcase classname="Chrome 79.0" name="ESLint | app features/logged-in/restaurants/show/service-times/controller.js " time="0"/><testcase classname="Chrome 79.0" name="ESLint | app features/logged-in/restaurants/show/service-times/route.js " time="0"/><testcase classname="Chrome 79.0" name="ESLint | app features/logged-in/restaurants/show/story/controller.js " time="0"/><testcase classname="Chrome 79.0" name="ESLint | app features/logged-in/restaurants/show/story/route.js " time="0"/><testcase classname="Chrome 79.0" name="ESLint | app features/logged-in/restaurants/show/users/controller.js " time="0"/><testcase classname="Chrome 79.0" name="ESLint | app features/logged-in/restaurants/show/users/route.js " time="0"/><testcase classname="Chrome 79.0" name="ESLint | app features/logged-in/restaurants/show/versions/controller.js " time="0"/><testcase classname="Chrome 79.0" name="ESLint | app features/logged-in/restaurants/show/versions/route.js " time="0"/><testcase classname="Chrome 79.0" name="ESLint | app features/logged-in/route.js " time="0"/><testcase classname="Chrome 79.0" name="ESLint | app features/logged-in/tags/controller.js " time="0"/><testcase classname="Chrome 79.0" name="ESLint | app features/logged-in/tags/dietary/controller.js " time="0"/><testcase classname="Chrome 79.0" name="ESLint | app features/logged-in/tags/dietary/new/controller.js " time="0"/><testcase classname="Chrome 79.0" name="ESLint | app features/logged-in/tags/dietary/new/route.js " time="0.001"/><testcase classname="Chrome 79.0" name="ESLint | app features/logged-in/tags/dietary/route.js " time="0"/><testcase classname="Chrome 79.0" name="ESLint | app features/logged-in/tags/food-type/controller.js " time="0"/><testcase classname="Chrome 79.0" name="ESLint | app features/logged-in/tags/food-type/new/controller.js " time="0"/><testcase classname="Chrome 79.0" name="ESLint | app features/logged-in/tags/food-type/new/route.js " time="0"/><testcase classname="Chrome 79.0" name="ESLint | app features/logged-in/tags/food-type/route.js " time="0"/><testcase classname="Chrome 79.0" name="ESLint | app features/logged-in/tags/meal-type/controller.js " time="0"/><testcase classname="Chrome 79.0" name="ESLint | app features/logged-in/tags/meal-type/new/controller.js " time="0"/><testcase classname="Chrome 79.0" name="ESLint | app features/logged-in/tags/meal-type/new/route.js " time="0"/><testcase classname="Chrome 79.0" name="ESLint | app features/logged-in/tags/meal-type/route.js " time="0"/><testcase classname="Chrome 79.0" name="ESLint | app features/logged-in/tags/restaurant/controller.js " time="0"/><testcase classname="Chrome 79.0" name="ESLint | app features/logged-in/tags/restaurant/new/controller.js " time="0.001"/><testcase classname="Chrome 79.0" name="ESLint | app features/logged-in/tags/restaurant/new/route.js " time="0"/><testcase classname="Chrome 79.0" name="ESLint | app features/logged-in/tags/restaurant/route.js " time="0"/><testcase classname="Chrome 79.0" name="ESLint | app features/logged-in/tags/route.js " time="0"/><testcase classname="Chrome 79.0" name="ESLint | app features/logged-in/users/controller.js " time="0"/><testcase classname="Chrome 79.0" name="ESLint | app features/logged-in/users/index/controller.js " time="0"/><testcase classname="Chrome 79.0" name="ESLint | app features/logged-in/users/index/route.js " time="0"/><testcase classname="Chrome 79.0" name="ESLint | app features/logged-in/users/route.js " time="0"/><testcase classname="Chrome 79.0" name="ESLint | app features/logged-in/users/show/controller.js " time="0"/><testcase classname="Chrome 79.0" name="ESLint | app features/logged-in/users/show/feed/controller.js " time="0"/><testcase classname="Chrome 79.0" name="ESLint | app features/logged-in/users/show/feed/route.js " time="0"/><testcase classname="Chrome 79.0" name="ESLint | app features/logged-in/users/show/index/controller.js " time="0"/><testcase classname="Chrome 79.0" name="ESLint | app features/logged-in/users/show/index/route.js " time="0"/><testcase classname="Chrome 79.0" name="ESLint | app features/logged-in/users/show/internal/controller.js " time="0"/><testcase classname="Chrome 79.0" name="ESLint | app features/logged-in/users/show/internal/route.js " time="0"/><testcase classname="Chrome 79.0" name="ESLint | app features/logged-in/users/show/payment-cards/controller.js " time="0"/><testcase classname="Chrome 79.0" name="ESLint | app features/logged-in/users/show/payment-cards/route.js " time="0"/><testcase classname="Chrome 79.0" name="ESLint | app features/logged-in/users/show/payroll/controller.js " time="0"/><testcase classname="Chrome 79.0" name="ESLint | app features/logged-in/users/show/payroll/route.js " time="0"/><testcase classname="Chrome 79.0" name="ESLint | app features/logged-in/users/show/route.js " time="0"/><testcase classname="Chrome 79.0" name="ESLint | app features/login/controller.js " time="0"/><testcase classname="Chrome 79.0" name="ESLint | app features/login/route.js " time="0"/><testcase classname="Chrome 79.0" name="ESLint | app features/logout/controller.js " time="0"/><testcase classname="Chrome 79.0" name="ESLint | app features/logout/route.js " time="0"/><testcase classname="Chrome 79.0" name="ESLint | app features/password-reset/controller.js " time="0"/><testcase classname="Chrome 79.0" name="ESLint | app features/password-reset/route.js " time="0.003"/><testcase classname="Chrome 79.0" name="ESLint | app features/storages/meal-planning/planner-settings/storage.js " time="0"/><testcase classname="Chrome 79.0" name="ESLint | app features/user-invite/controller.js " time="0"/><testcase classname="Chrome 79.0" name="ESLint | app features/user-invite/route.js " time="0"/><testcase classname="Chrome 79.0" name="ESLint | app helpers/add-to-date.js " time="0"/><testcase classname="Chrome 79.0" name="ESLint | app helpers/and.js " time="0"/><testcase classname="Chrome 79.0" name="ESLint | app helpers/capitalize-sentence.js " time="0"/><testcase classname="Chrome 79.0" name="ESLint | app helpers/copy-mut.js " time="0"/><testcase classname="Chrome 79.0" name="ESLint | app helpers/date-eq.js " time="0.003"/><testcase classname="Chrome 79.0" name="ESLint | app helpers/downcase.js " time="0.001"/><testcase classname="Chrome 79.0" name="ESLint | app helpers/eq.js " time="0"/><testcase classname="Chrome 79.0" name="ESLint | app helpers/fde-query-params.js " time="0"/><testcase classname="Chrome 79.0" name="ESLint | app helpers/feature-enabled-for.js " time="0.001"/><testcase classname="Chrome 79.0" name="ESLint | app helpers/format-cents.js " time="0"/><testcase classname="Chrome 79.0" name="ESLint | app helpers/format-currency.js " time="0"/><testcase classname="Chrome 79.0" name="ESLint | app helpers/format-dollars.js " time="0"/><testcase classname="Chrome 79.0" name="ESLint | app helpers/format-joined-
[...]
unit/models/meal-planning-reservation-test.js " time="0"/><testcase classname="Chrome 79.0" name="ESLint | tests unit/models/menu-item-test.js " time="0"/><testcase classname="Chrome 79.0" name="ESLint | tests unit/models/menu-option-group-test.js " time="0"/><testcase classname="Chrome 79.0" name="ESLint | tests unit/models/order-test.js " time="0"/><testcase classname="Chrome 79.0" name="ESLint | tests unit/models/payment-card-test.js " time="0"/><testcase classname="Chrome 79.0" name="ESLint | tests unit/models/user-test.js " time="0"/><testcase classname="Chrome 79.0" name="ESLint | tests unit/services/location-test.js " time="0"/><testcase classname="Chrome 79.0" name="ESLint | tests unit/services/loggers/log-entries-logger-test.js " time="0"/><testcase classname="Chrome 79.0" name="ESLint | tests unit/services/loggers/manager-test.js " time="0"/><testcase classname="Chrome 79.0" name="ESLint | tests unit/services/mock-card-service-test.js " time="0.001"/><testcase classname="Chrome 79.0" name="ESLint | tests unit/services/modal-test.js " time="0"/><testcase classname="Chrome 79.0" name="ESLint | tests unit/services/set-menu-service-test.js " time="0"/><testcase classname="Chrome 79.0" name="ESLint | tests unit/supports/filters/filter-collection-test.js " time="0"/><testcase classname="Chrome 79.0" name="ESLint | tests unit/supports/filters/filter-test.js " time="0"/><testcase classname="Chrome 79.0" name="ESLint | tests unit/transforms/time-test.js " time="0"/><testcase classname="Chrome 79.0" name="ESLint | tests unit/utils/order-item-options-test.js " time="0"/><testcase classname="Chrome 79.0" name="ESLint | tests unit/utils/url-test.js " time="0"/><testcase classname="Chrome 79.0" name="integration.components.sf.simple-button renders with correct classes and tag type " time="0"/><testcase classname="Chrome 79.0" name="integration.form-controls.model-select-control renders " time="0.095"/><testcase classname="Chrome 79.0" name="integration.form-controls.model-select-control when the value is an array adds a class named multiple " time="0.020"/><testcase classname="Chrome 79.0" name="integration.form-controls.model-select-control when the value is not an array has no class named multiple " time="0.015"/><testcase classname="Chrome 79.0" name="integration.form-controls.model-select-control The user uses the down arrow on a static list of values selects the next item in the list without issuing a change event " time="0.732"/><testcase classname="Chrome 79.0" name="integration.form-controls.model-select-control The user can select and commit a change from the dropdown using the keyboard emits a change event with the correct model using the down arrow and enter " time="1.354"/><testcase classname="Chrome 79.0" name="integration.form-controls.model-select-control The user can select then discard the selection using the keyboard selects the second item then discards it with the escape key " time="0.995"/><testcase classname="Chrome 79.0" name="integration.form-controls.model-select-control The user can select then discard the selection using the keyboard selects the second item then discards it with a blur on the input " time="0.813"/><testcase classname="Chrome 79.0" name="integration.features.components.sf.controls.action-button renders " time="0.007"/><testcase classname="Chrome 79.0" name="integration.features.components.sf.controls.action-button applies the name of a color as a class " time="0.011"/><testcase classname="Chrome 79.0" name="integration.features.components.sf.controls.model-select renders " time="0.062"/><testcase classname="Chrome 79.0" name="integration.features.components.sf.controls.model-select when the value is an array adds a class named multiple " time="0.019"/><testcase classname="Chrome 79.0" name="integration.features.components.sf.controls.model-select when the value is not an array has no class named multiple " time="0.071"/><testcase classname="Chrome 79.0" name="integration.features.components.sf.controls.pagination-control Basic Rendering should render fewer than seven controls if there are fewer than 7 pages " time="0.036"/><testcase classname="Chrome 79.0" name="integration.features.components.sf.controls.pagination-control Basic Rendering should render only seven controls if there are more than 7 pages " time="0.068"/><testcase classname="Chrome 79.0" name="integration.features.components.sf.controls.pagination-control Basic Rendering should hide itself when there are no pages " time="0.010"/><testcase classname="Chrome 79.0" name="integration.features.components.sf.controls.pagination-search-control Renders pagination subheader should render Correct pagination subheader " time="0.016"/><testcase classname="Chrome 79.0" name="integration.features.components.sf.controls.pagination-search-control Update pagination should show the next page on clicking next button " time="0.006"/><testcase classname="Chrome 79.0" name="integration.features.components.controls.price-range updates the value as expected " time="0.566"/><testcase classname="Chrome 79.0" name="integration.features.components.controls.price-range #render renders the initial value " time="0.014"/><testcase classname="Chrome 79.0" name="integration.features.components.controls.price-range #render renders only the client control when configured " time="0.006"/><testcase classname="Chrome 79.0" name="integration.features.components.controls.price-range #render renders disabled inputs when configured " time="0.007"/><testcase classname="Chrome 79.0" name="integration.features.components.sf.controls.time-select Rendering selectable options should render 96 options with default start and end times " time="0.047"/><testcase classname="Chrome 79.0" name="integration.sf.controls.toggle-button renders " time="0.006"/><testcase classname="Chrome 79.0" name="integration.sf.controls.toggle-button sends the opposite value on click " time="0.004"/><testcase classname="Chrome 79.0" name="integration.sf.controls.toggle-button does not have an icon class when there are more than icon values " time="0.004"/><testcase classname="Chrome 79.0" name="integration.sf.controls.toggle-button has an icon class when there are only icon values " time="0.004"/><testcase classname="Chrome 79.0" name="integration.sf.controls.toggle-button when the value is false does not have an fde-is-selected class " time="0"/><testcase classname="Chrome 79.0" name="integration.sf.controls.toggle-button when the value is false has all values for an inactive state " time="0.002"/><testcase classname="Chrome 79.0" name="integration.sf.controls.toggle-button when the value is false has no values for an active state " time="0.005"/><testcase classname="Chrome 79.0" name="integration.sf.controls.toggle-button when the value is true has an fde-is-selected class " time="0.001"/><testcase classname="Chrome 79.0" name="integration.sf.controls.toggle-button when the value is true has all values for an active state " time="0"/><testcase classname="Chrome 79.0" name="integration.sf.controls.toggle-button when the value is true has no values for an inactive state " time="0"/><testcase classname="Chrome 79.0" name="integration.features.components.sf.dietary-tag rendering works " time="0.001"/><testcase classname="Chrome 79.0" name="integration.features.components.sf.dietary-tag rendering has the proper abbreviation " time="0.001"/><testcase classname="Chrome 79.0" name="integration.features.components.sf.dietary-tag rendering has .fde-dietary-tag as a class " time="0"/><testcase classname="Chrome 79.0" name="integration.features.components.sf.dietary-tag when selected has .fde-is-selected " time="0.004"/><testcase classname="Chrome 79.0" name="integration.features.components.sf.dietary-tag when not selected is missing .fde-is-selected " time="0.003"/><testcase classname="Chrome 79.0" name="integration.features.components.sf.dietary-tag when not selected is clickable when selectable " time="0"/><testcase classname="Chrome 79.0" name="integration.features.components.sf.dietary-tag when not selected is not clickable when not selectable " time="0"/><testcase classname="Chrome 79.0" name="integration.features.components.sf.fields.dietary-tags-field Dietary tags field Basic Rendering renders " time="0.018"/><testcase classname="Chrome 79.0" name="integration.features.components.sf.fields.dietary-tags-field Dietary tags field Basic Rendering renders dietary tags " time="0.016"/><testcase classname="Chrome 79.0" name="integration.features.components.sf.fields.dietary-tags-field Dietary tags field Basic functionality returns a new value after a dietary tag has been clicked " time="0.017"/><testcase classname="Chrome 79.0" name="integration.features.components.sf.fields.dietary-tags-field Dietary tags field Basic functionality returns errors when something goes wrong " time="0.016"/><testcase classname="Chrome 79.0" name="integration.features.components.sf.fields.input-field Basic Rendering renders value " time="0.013"/><testcase classname="Chrome 79.0" name="integration.features.components.sf.fields.input-field Basic Rendering renders label " time="0.008"/><testcase classname="Chrome 79.0" name="integration.features.components.sf.fields.input-field Basic Rendering renders error message with the correct error style " time="0.022"/><testcase classname="Chrome 79.0" name="integration.features.components.sf.fields.input-field Basic Rendering renders its control when told to do so " time="0.038"/><testcase classname="Chrome 79.0" name="integration.features.components.sf.fields.input-field Basic Rendering Input control icon renders a left icon if present with appropriate classes on the input " time="0.011"/><testcase classname="Chrome 79.0" name="integration.features.components.sf.fields.input-field Basic Rendering Input control icon renders a right icon if present with appropriate classes on the input " time="0.012"/><testcase classname="Chrome 79.0" name="integration.features.components.sf.fields.input-field Basic Rendering Input control labels renders a left label if present with appropriate classes on the input " time="0.013"/><testcase classname="Chrome 79.0" name="integration.features.components.sf.fields.input-field Basic Rendering Input control labels renders a right label if present with appropriate classes on the input " time="0.023"/><testcase classname="Chrome 79.0" name="integration.features.components.sf.fields.input-field Basic Behavior shows the control when clicked " time="0.021"/><testcase classname="Chrome 79.0" name="integration.sf.fields.model-select-or-create-field renders " time="0.032"/><testcase classname="Chrome 79.0" name="integration.sf.fields.model-select-or-create-field when the user clicks the plus button it shows the form " time="0.028"/><testcase classname="Chrome 79.0" name="integration.sf.fields.model-select-or-create-field When customizes the component and user clicks save on a form Automatically adds the new model to the list " time="0.067"/><testcase classname="Chrome 79.0" name="integration.sf.fields.model-select-or-create-field When customizes the component and user clicks save on a form Automatically adds the new model to the list and selects it " time="0.068"/><testcase classname="Chrome 79.0" name="integration.sf.fields.model-select-or-create-field When customizes the component and user clicks save on a form Automatically adds the new model and sends it through onCreate " time="0.073"/><testcase classname="Chrome 79.0" name="integration.sf.fields.model-select-field renders " time="0.015"/><testcase classname="Chrome 79.0" name="integration.sf.fields.model-select-field when the value is an array adds a class named multiple " time="0.020"/><testcase classname="Chrome 79.0" name="integration.sf.fields.model-select-field when the value is not an array has no class named multiple " time="0.020"/><testcase classname="Chrome 79.0" name="integration.features.components.sf.listed-order renders " time="0.047"/><testcase classname="Chrome 79.0" name="integration.features.components.sf.logistics.courier-select renders " time="0.002"/><testcase classname="Chrome 79.0" name="integration.features.components.sf.logistics.date-select renders " time="0.005"/><testcase classname="Chrome 79.0" name="integration.features.components.sf.logistics.destination-table-cell renders " time="0.002"/><testcase classname="Chrome 79.0" name="integration.features.components.sf.logistics.driver-select renders " time="0.003"/><testcase classname="Chrome 79.0" name="integration.features.components.sf.logistics.pickup-time-select renders " time="0.010"/><testcase classname="Chrome 79.0" name="integration.features.components.sf.logistics.price-table-cell renders " time="0.002"/><testcase classname="Chrome 79.0" name="integration.features.components.sf.logistics.progress-tracker renders " time="0.002"/><testcase classname="Chrome 79.0" name="integration.features.components.sf.logistics.stats-display renders " time="0.004"/><testcase classname="Chrome 79.0" name="integration.features.components.sf.menus.fields.menu-item-description-field when rendered with correct arguments displays only description field by default " time="0.056"/><testcase classname="Chrome 79.0" name="integration.features.components.sf.menus.fields.menu-item-description-field when rendered with correct arguments shows internal description input when link is clicked " time="0.029"/><testcase classname="Chrome 79.0" name="integration.features.components.sf.menus.fields.menu-item-description-field when rendered with correct arguments renders with correct content " time="0.082"/><testcase classname="Chrome 79.0" name="integration.features.components.sf.orders.email-messages renders " time="0.178"/><testcase classname="Chrome 79.0" name="integration.features.components.sf.orders.order-menu Order page menu component basic rendering renders " time="0.080"/><testcase classname="Chrome 79.0" name="integration.features.components.sf.orders.order-menu Order page menu component tabs showing proper content shows external items on &quot;Menu&quot; tab " time="0.080"/><testcase classname="Chrome 79.0" name="integration.features.components.sf.orders.order-menu Order page menu component tabs showing proper content shows internal items on &quot;Internal Menu&quot; tab " time="0.103"/><testcase classname="Chrome 79.0" name="integration.features.components.sf.orders.order-menu Order page menu component menu items handles click event " time="0.087"/><testcase classname="Chrome 79.0" name="integration.features.components.sf.orders.order-notes renders " time="0.059"/><testcase classname="Chrome 79.0" name="integration.features.components.sf.orders.order-state-display when rendered with correct arguments displays only state badge when rendered with correct arguments " time="0.004"/><testcase classname="Chrome 79.0" name="integration.features.components.sf.orders.order-state-display when rendered with correct arguments displays all three displays when rendered with correct arguments " time="0.004"/><testcase classname="Chrome 79.0" name="integration.features.components.sf.orders.restaurant-details is alive " time="0.011"/><testcase classname="Chrome 79.0" name="integration.features.components.sf.orders.restaurant-details renders " time="0.050"/><testcase classname="Chrome 79.0" name="integration.features.components.sf.orders.restaurant-details.service-times is alive " time="0.006"/><testcase classname="Chrome 79.0" name="integration.features.components.sf.orders.restaurant-details.service-times renders " time="0.008"/><testcase classname="Chrome 79.0" name="integration.features.components.sf.simple-button renders " time="0.005"/><testcase classname="Chrome 79.0" name="integration.components.sf.tables.ordered-table.table-header.table-header-cell Basic Rendering renders provided in icon " time="0.013"/><testcase classname="Chrome 79.0" name="integration.components.sf.tables.ordered-table.table-header.table-header-cell Basic Rendering Sorting renders no sort when not sorted " time="0.004"/><testcase classname="Chrome 79.0" name="integration.components.sf.tables.ordered-table.table-header.table-header-cell Basic Rendering Sorting renders up sort when sorted asc " time="0.004"/><testcase classname="Chrome 79.0" name="integration.components.sf.tables.ordered-table.table-header.table-header-cell Basic Rendering Sorting renders down sort when sorted desc " time="0.005"/><testcase classname="Chrome 79.0" name="integration.components.sf.tables.ordered-table.table-header.table-header-cell Basic Rendering Sorting Label Rendering renders label as the capitalized key " time="0.007"/><testcase classname="Chrome 79.0" name="integration.components.sf.tables.ordered-table.table-header.table-header-cell Basic Rendering Sorting Label Rendering renders passed in label " time="0.007"/><testcase classname="Chrome 79.0" name="integration.components.sf.tables.ordered-table.table-header.table-header-cell Basic Rendering Sorting Label Rendering renders no label when told not to " time="0.009"/><testcase classname="Chrome 79.0" name="integration.features.components.sf.time-select-tz renders " time="0.006"/><testcase classname="Chrome 79.0" name="integration.sf.controls.credit-card renders " time="0.007"/><testcase classname="Chrome 79.0" name="integration.sf.couriers.courier-row-component renders " time="0.030"/><testcase classname="Chrome 79.0" name="integration.sf.fields.value-select-field renders " time="0.088"/><testcase classname="Chrome 79.0" name="integration.sf.form-for.inline-helper renders " time="0.004"/><testcase classname="Chrome 79.0" name="integration.sf.forms.location-form-for renders " time="0.433"/><testcase classname="Chrome 79.0" name="integration.sf.forms.location-form-for displays a list of suggestions from the google places api " time="0.308"/><testcase classname="Chrome 79.0" name="integration.sf.forms.location-form-for selects the first place and fills in the form " time="0.580"/><testcase classname="Chrome 79.0" name="integration.sf.orders.order-cart-custom-item-modal-component renders " time="0.082"/><testcase classname="Chrome 79.0" name="LoggedInOrdersEditCartController #handleMenuItemClick will not call #createOrderItem if it finds an OrderItem " time="0.005"/><testcase classname="Chrome 79.0" name="LoggedInOrdersEditCartController #handleMenuItemClick calls #createOrderItem if no pre existing OrderItem is found " time="0.002"/><testcase classname="Chrome 79.0" name="LoggedInOrdersEditCartController #handleMenuItemClick for group orders warns if selectedGroupOrderMember is not set " time="1.588"/><testcase classname="Chrome 79.0" name="LoggedInOrdersEditCartController #handleMenuItemClick for group orders can call #createOrderItem if there is a selectedGroupOrderMember " time="0.127"/><testcase classname="Chrome 79.0" name="LoggedInOrdersEditRoute exists " time="0.003"/><testcase classname="Chrome 79.0" name="LoggedInOrdersRoute exists " time="0.009"><error message="the string &quot;foo&quot; was thrown, throw an Error :)"><![CDATA[Source:
Error: the string "foo" was thrown, throw an Error :)
    at Runner.fail (http://localhost:4203/starfox/assets/test-support.js:4744:11)
    at http://localhost:4203/starfox/assets/test-support.js:5062:18
    at done (http://localhost:4203/starfox/assets/test-support.js:4438:5)
    at Test.Runnable.run (http://localhost:4203/starfox/assets/test-support.js:4454:7)
    at Runner.runTest (http://localhost:4203/starfox/assets/test-support.js:4940:10)
    at http://localhost:4203/starfox/assets/test-support.js:5046:12
    at next (http://localhost:4203/starfox/assets/test-support.js:4860:14)
    at http://localhost:4203/starfox/assets/test-support.js:4870:7
    at next (http://localhost:4203/starfox/assets/test-support.js:4802:14)
    at http://localhost:4203/starfox/assets/test-support.js:4833:7]]></error></testcase></testsuite>
info Visit https://yarnpkg.com/en/docs/cli/run for documentation about this command.
